<?xml version="1.0" encoding="UTF-8"?>
<!-- Generated by org.testng.reporters.JUnitReportReporter -->
<testsuite hostname="Raghav" name="tasksTests.CreateTaskTest" tests="1" failures="0" timestamp="17 Jul 2020 08:29:20 GMT" time="0.016" errors="0">
  <testcase name="runTask" time="0.016" classname="tasksTests.CreateTaskTest"/>
</testsuite> <!-- tasksTests.CreateTaskTest -->
