<?xml version="1.0" encoding="UTF-8"?>
<!-- Generated by org.testng.reporters.JUnitReportReporter -->
<testsuite hostname="Raghav" name="tasksTests.DeleteTasksTest" tests="1" failures="0" timestamp="17 Jul 2020 08:52:15 GMT" time="0.014" errors="0">
  <testcase name="runTask" time="0.014" classname="tasksTests.DeleteTasksTest"/>
</testsuite> <!-- tasksTests.DeleteTasksTest -->
