<?xml version="1.0" encoding="UTF-8"?>
<!-- Generated by org.testng.reporters.JUnitReportReporter -->
<testsuite hostname="Raghav" name="tasksTests.EditTasksTest" tests="1" failures="0" timestamp="17 Jul 2020 08:52:15 GMT" time="0.003" errors="0">
  <testcase name="runTask" time="0.003" classname="tasksTests.EditTasksTest"/>
</testsuite> <!-- tasksTests.EditTasksTest -->
