<?xml version="1.0" encoding="UTF-8"?>
<!-- Generated by org.testng.reporters.JUnitReportReporter -->
<testsuite skipped="0" hostname="Raghav" name="tasksTests.DeleteTasksTest" tests="1" failures="0" timestamp="2020-07-18T13:01:53 IST" time="0.006" errors="0">
  <testcase name="runTask" time="0.006" classname="tasksTests.DeleteTasksTest"/>
  <system-out>
Delete Task Test Running Successfully  </system-out>
</testsuite> <!-- tasksTests.DeleteTasksTest -->
