<?xml version="1.0" encoding="UTF-8"?>
<!-- Generated by org.testng.reporters.JUnitReportReporter -->
<testsuite skipped="0" hostname="Raghav" name="tasksTests.CreateTaskTest" tests="1" failures="0" timestamp="2020-07-17T14:19:55 IST" time="0.009" errors="0">
  <testcase name="runTask" time="0.009" classname="tasksTests.CreateTaskTest"/>
  <system-out>
Test Running Successfully  </system-out>
</testsuite> <!-- tasksTests.CreateTaskTest -->
