<?xml version="1.0" encoding="UTF-8"?>
<!-- Generated by org.testng.reporters.JUnitReportReporter -->
<testsuite skipped="0" hostname="Raghav" name="tasksTests.EditTasksTest" tests="1" failures="0" timestamp="2020-07-18T13:01:53 IST" time="0.001" errors="0">
  <testcase name="runTask" time="0.001" classname="tasksTests.EditTasksTest"/>
  <system-out>
Edit Task Test Running Successfully  </system-out>
</testsuite> <!-- tasksTests.EditTasksTest -->
